Using pre-set license
Built from '2020.3/staging' branch; Version is '2020.3.11f1 (99c7afb366b3) revision 10078127'; Using compiler version '192528614'; Build Type 'Release'
OS: 'Windows 10 Home; OS build 18363.1556; Version 1909; 64bit' Language: 'en' Physical Memory: 8043 MB
BatchMode: 1, IsHumanControllingUs: 0, StartBugReporterOnCrash: 0, Is64bit: 1, IsPro: 0

 COMMAND LINE ARGUMENTS:
C:\Program Files\Unity\Hub\Editor\2020.3.11f1\Editor\Unity.exe
-adb2
-batchMode
-noUpm
-name
AssetImportWorker0
-projectPath
C:/Users/Nathan/Downloads/Tale-of-Arms-and-ale-master/Tale-of-Arms-and-ale-master
-logFile
Logs/AssetImportWorker0.log
-srvPort
60545
Successfully changed project path to: C:/Users/Nathan/Downloads/Tale-of-Arms-and-ale-master/Tale-of-Arms-and-ale-master
C:/Users/Nathan/Downloads/Tale-of-Arms-and-ale-master/Tale-of-Arms-and-ale-master
Using Asset Import Pipeline V2.
Cannot set VR devices because the platform passed isn't supported by Unity.

Cannot set VR devices because the platform passed isn't supported by Unity.

Cannot set VR devices because the platform passed isn't supported by Unity.

Cannot set VR devices because the platform passed isn't supported by Unity.

Cannot set VR devices because the platform passed isn't supported by Unity.

Cannot set VR devices because the platform passed isn't supported by Unity.

Cannot set VR devices because the platform passed isn't supported by Unity.

Cannot set VR devices because the platform passed isn't supported by Unity.

Cannot set VR devices because the platform passed isn't supported by Unity.

Cannot set VR devices because the platform passed isn't supported by Unity.

Cannot set VR devices because the platform passed isn't supported by Unity.

Refreshing native plugins compatible for Editor in 89.17 ms, found 2 plugins.
Preloading 0 native plugins for Editor in 0.00 ms.
Initialize engine version: 2020.3.11f1 (99c7afb366b3)
[Subsystems] Discovering subsystems at path C:/Program Files/Unity/Hub/Editor/2020.3.11f1/Editor/Data/Resources/UnitySubsystems
[Subsystems] Discovering subsystems at path C:/Users/Nathan/Downloads/Tale-of-Arms-and-ale-master/Tale-of-Arms-and-ale-master/Assets
GfxDevice: creating device client; threaded=0
Direct3D:
    Version:  Direct3D 11.0 [level 11.1]
    Renderer: Intel(R) HD Graphics 520 (ID=0x1916)
    Vendor:   
    VRAM:     4021 MB
    Driver:   26.20.100.7986
Initialize mono
Mono path[0] = 'C:/Program Files/Unity/Hub/Editor/2020.3.11f1/Editor/Data/Managed'
Mono path[1] = 'C:/Program Files/Unity/Hub/Editor/2020.3.11f1/Editor/Data/MonoBleedingEdge/lib/mono/unityjit'
Mono config path = 'C:/Program Files/Unity/Hub/Editor/2020.3.11f1/Editor/Data/MonoBleedingEdge/etc'
Using monoOptions --debugger-agent=transport=dt_socket,embedding=1,server=y,suspend=n,address=127.0.0.1:56568
Begin MonoManager ReloadAssembly
Registering precompiled unity dll's ...
Register platform support module: C:/Program Files/Unity/Hub/Editor/2020.3.11f1/Editor/Data/PlaybackEngines/WindowsStandaloneSupport/UnityEditor.WindowsStandalone.Extensions.dll
Registered in 0.007748 seconds.
Native extension for WindowsStandalone target not found
Refreshing native plugins compatible for Editor in 66.93 ms, found 2 plugins.
Preloading 0 native plugins for Editor in 0.00 ms.
Mono: successfully reloaded assembly
- Completed reload, in  3.956 seconds
Platform modules already initialized, skipping
Registering precompiled user dll's ...
Registered in 0.017075 seconds.
Begin MonoManager ReloadAssembly
Native extension for WindowsStandalone target not found
Refreshing native plugins compatible for Editor in 0.49 ms, found 2 plugins.
Preloading 0 native plugins for Editor in 0.00 ms.
Mono: successfully reloaded assembly
- Completed reload, in  3.109 seconds
Platform modules already initialized, skipping
========================================================================
Worker process is ready to serve import requests
Cannot set VR devices because the platform passed isn't supported by Unity.

Cannot set VR devices because the platform passed isn't supported by Unity.

Cannot set VR devices because the platform passed isn't supported by Unity.

Cannot set VR devices because the platform passed isn't supported by Unity.

Cannot set VR devices because the platform passed isn't supported by Unity.

Cannot set VR devices because the platform passed isn't supported by Unity.

Cannot set VR devices because the platform passed isn't supported by Unity.

Cannot set VR devices because the platform passed isn't supported by Unity.

Cannot set VR devices because the platform passed isn't supported by Unity.

Cannot set VR devices because the platform passed isn't supported by Unity.

Cannot set VR devices because the platform passed isn't supported by Unity.

Launched and connected shader compiler UnityShaderCompiler.exe after 0.20 seconds
Refreshing native plugins compatible for Editor in 0.65 ms, found 2 plugins.
Preloading 0 native plugins for Editor in 0.00 ms.
Unloading 1555 Unused Serialized files (Serialized files now loaded: 0)
System memory in use before: 74.6 MB.
System memory in use after: 74.7 MB.

Unloading 18 unused Assets to reduce memory usage. Loaded Objects now: 1988.
Total: 6.934000 ms (FindLiveObjects: 0.579400 ms CreateObjectMapping: 2.770600 ms MarkObjects: 3.369800 ms  DeleteObjects: 0.212000 ms)

========================================================================
Received Import Request.
  path: Assets/Art/UI/PauseMenu/DropDownMenuArrow.png
  artifactKey: Guid(a7917d1cf4ed0e34592539532dbe94b0) Importer(815301076,1909f56bfc062723c751e8b465ee728b)
Start importing Assets/Art/UI/PauseMenu/DropDownMenuArrow.png using Guid(a7917d1cf4ed0e34592539532dbe94b0) Importer(815301076,1909f56bfc062723c751e8b465ee728b)  -> (artifact id: '0ff47d97ff553aba851a09af6d4625ed') in 0.362662 seconds
  Import took 0.372345 seconds .

========================================================================
Received Import Request.
  Time since last request: 0.000782 seconds.
  path: Assets/Sounds/Barks/Deidre_I1.wav
  artifactKey: Guid(4367bfcf0bfb3754ca2a9c78dd2467b6) Importer(815301076,1909f56bfc062723c751e8b465ee728b)
Start importing Assets/Sounds/Barks/Deidre_I1.wav using Guid(4367bfcf0bfb3754ca2a9c78dd2467b6) Importer(815301076,1909f56bfc062723c751e8b465ee728b)  -> (artifact id: '00eabc05924b7297f33ad639faff6967') in 0.289085 seconds
  Import took 0.295724 seconds .

========================================================================
Received Import Request.
  Time since last request: 0.000412 seconds.
  path: Assets/Art/Characters/AlternateExpressions/DeidreDownton2.png
  artifactKey: Guid(1a90eb2145c6f9f45852f9f51a6e448f) Importer(815301076,1909f56bfc062723c751e8b465ee728b)
Start importing Assets/Art/Characters/AlternateExpressions/DeidreDownton2.png using Guid(1a90eb2145c6f9f45852f9f51a6e448f) Importer(815301076,1909f56bfc062723c751e8b465ee728b)  -> (artifact id: 'da6a588337469dad9dab7a870c90ba79') in 0.101249 seconds
  Import took 0.106164 seconds .

========================================================================
Received Import Request.
  Time since last request: 0.000418 seconds.
  path: Assets/Sounds/Barks/Deidre_I2.wav
  artifactKey: Guid(b3bd111e866465a4c946ad06e1ee30c1) Importer(815301076,1909f56bfc062723c751e8b465ee728b)
Start importing Assets/Sounds/Barks/Deidre_I2.wav using Guid(b3bd111e866465a4c946ad06e1ee30c1) Importer(815301076,1909f56bfc062723c751e8b465ee728b)  -> (artifact id: '740973a5faea4440ff08ad289bc78968') in 0.204445 seconds
  Import took 0.209746 seconds .

========================================================================
Received Import Request.
  Time since last request: 0.000490 seconds.
  path: Assets/Art/Characters/Deidre Downton.png
  artifactKey: Guid(eb9076b0f498e9f46a8f229e72723244) Importer(815301076,1909f56bfc062723c751e8b465ee728b)
Start importing Assets/Art/Characters/Deidre Downton.png using Guid(eb9076b0f498e9f46a8f229e72723244) Importer(815301076,1909f56bfc062723c751e8b465ee728b)  -> (artifact id: '4695a903a264cdd5eee3cd3e96b1570f') in 0.165330 seconds
  Import took 0.173723 seconds .

========================================================================
Received Import Request.
  Time since last request: 0.001080 seconds.
  path: Assets/Art/CharacterTokens/ManagerTokens/DeidreDowntonToken.png
  artifactKey: Guid(0bcfde1c892b2f34a96ba263fcccab0b) Importer(815301076,1909f56bfc062723c751e8b465ee728b)
Start importing Assets/Art/CharacterTokens/ManagerTokens/DeidreDowntonToken.png using Guid(0bcfde1c892b2f34a96ba263fcccab0b) Importer(815301076,1909f56bfc062723c751e8b465ee728b)  -> (artifact id: 'ae29a927a17669af9fd71d2b29609485') in 0.205970 seconds
  Import took 0.211922 seconds .

========================================================================
Received Import Request.
  Time since last request: 0.000450 seconds.
  path: Assets/Scripts/Util/DropDownToast.cs
  artifactKey: Guid(7ac713e996529714c9fed6ca26fe56e4) Importer(815301076,1909f56bfc062723c751e8b465ee728b)
Start importing Assets/Scripts/Util/DropDownToast.cs using Guid(7ac713e996529714c9fed6ca26fe56e4) Importer(815301076,1909f56bfc062723c751e8b465ee728b)  -> (artifact id: 'e5e6dfa2fc62d956b9b5d624d7ed1d76') in 0.078869 seconds
  Import took 0.088063 seconds .

========================================================================
Received Import Request.
  Time since last request: 0.000793 seconds.
  path: Assets/Sounds/Barks/Deidre_S2.wav
  artifactKey: Guid(ddad2bee577d3554b922a1fd3ce25f78) Importer(815301076,1909f56bfc062723c751e8b465ee728b)
Start importing Assets/Sounds/Barks/Deidre_S2.wav using Guid(ddad2bee577d3554b922a1fd3ce25f78) Importer(815301076,1909f56bfc062723c751e8b465ee728b)  -> (artifact id: 'bb0cab1f65d5532c3ddbc3e76f98d8b7') in 0.112614 seconds
  Import took 0.119344 seconds .

========================================================================
Received Import Request.
  Time since last request: 0.000381 seconds.
  path: Assets/Sounds/Barks/Deidre_S1.wav
  artifactKey: Guid(f2c61eb95a7ef854586015614eabd776) Importer(815301076,1909f56bfc062723c751e8b465ee728b)
Start importing Assets/Sounds/Barks/Deidre_S1.wav using Guid(f2c61eb95a7ef854586015614eabd776) Importer(815301076,1909f56bfc062723c751e8b465ee728b)  -> (artifact id: '430e21ee6eee8cf1558f91beb22337fa') in 0.069357 seconds
  Import took 0.077845 seconds .

========================================================================
Received Import Request.
  Time since last request: 0.000396 seconds.
  path: Assets/Art/CharacterTokens/ManagerTokens/DeidreManagerToken.png
  artifactKey: Guid(ce624977ef58d1949ab947fa988e1b74) Importer(815301076,1909f56bfc062723c751e8b465ee728b)
Start importing Assets/Art/CharacterTokens/ManagerTokens/DeidreManagerToken.png using Guid(ce624977ef58d1949ab947fa988e1b74) Importer(815301076,1909f56bfc062723c751e8b465ee728b)  -> (artifact id: '9bde2fccc551dfbb47f57fec9afa8875') in 0.119880 seconds
  Import took 0.127387 seconds .

========================================================================
Received Import Request.
  Time since last request: 0.000399 seconds.
  path: Assets/Art/UI/PauseMenu/DropDownMenuBackground.png
  artifactKey: Guid(da84c48ed91168b4b84334833df7ff66) Importer(815301076,1909f56bfc062723c751e8b465ee728b)
Start importing Assets/Art/UI/PauseMenu/DropDownMenuBackground.png using Guid(da84c48ed91168b4b84334833df7ff66) Importer(815301076,1909f56bfc062723c751e8b465ee728b)  -> (artifact id: '61388fa17ddf5410e4579b481a63c73b') in 0.120951 seconds
  Import took 0.127105 seconds .

========================================================================
Received Import Request.
  Time since last request: 0.000357 seconds.
  path: Assets/Prefabs/EndOfTheDayManagement
  artifactKey: Guid(0663653a607ed9e4197977d74021a92e) Importer(815301076,1909f56bfc062723c751e8b465ee728b)
Start importing Assets/Prefabs/EndOfTheDayManagement using Guid(0663653a607ed9e4197977d74021a92e) Importer(815301076,1909f56bfc062723c751e8b465ee728b)  -> (artifact id: '78fdf677a78e18876f601a32d6a9557f') in 0.035435 seconds
  Import took 0.040688 seconds .

========================================================================
Received Import Request.
  Time since last request: 0.000392 seconds.
  path: Assets/Sounds/Barks/Deidre_C1.wav
  artifactKey: Guid(620f6e79a89f8154d978322de7696158) Importer(815301076,1909f56bfc062723c751e8b465ee728b)
Start importing Assets/Sounds/Barks/Deidre_C1.wav using Guid(620f6e79a89f8154d978322de7696158) Importer(815301076,1909f56bfc062723c751e8b465ee728b)  -> (artifact id: '41c655592763d05d6d041bf0eeecda40') in 0.067767 seconds
  Import took 0.081414 seconds .

========================================================================
Received Import Request.
  Time since last request: 0.000630 seconds.
  path: Assets/Sounds/Barks/Deidre_C2.wav
  artifactKey: Guid(ec29fdb50107eda4480d0a4289fcca22) Importer(815301076,1909f56bfc062723c751e8b465ee728b)
Start importing Assets/Sounds/Barks/Deidre_C2.wav using Guid(ec29fdb50107eda4480d0a4289fcca22) Importer(815301076,1909f56bfc062723c751e8b465ee728b)  -> (artifact id: 'a9a2a1fb4150da99415d0c15b2ba0553') in 0.078898 seconds
  Import took 0.085134 seconds .

